[debug] [2025-02-13T12:49:52.121Z] ----------------------------------------------------------------------
[debug] [2025-02-13T12:49:52.128Z] Command:       C:\Program Files\nodejs\node.exe C:\Users\OM\AppData\Roaming\npm\node_modules\firebase-tools\lib\bin\firebase.js init
[debug] [2025-02-13T12:49:52.129Z] CLI Version:   13.31.0
[debug] [2025-02-13T12:49:52.129Z] Platform:      win32
[debug] [2025-02-13T12:49:52.130Z] Node Version:  v20.15.1
[debug] [2025-02-13T12:49:52.130Z] Time:          Thu Feb 13 2025 18:19:52 GMT+0530 (India Standard Time)
[debug] [2025-02-13T12:49:52.130Z] ----------------------------------------------------------------------
[debug] 
[debug] [2025-02-13T12:49:52.141Z] > command requires scopes: ["email","openid","https://www.googleapis.com/auth/cloudplatformprojects.readonly","https://www.googleapis.com/auth/firebase","https://www.googleapis.com/auth/cloud-platform"]
[debug] [2025-02-13T12:49:52.141Z] > authorizing via signed-in user (rohitritthe11@gmail.com)
[info] 
     ######## #### ########  ######## ########     ###     ######  ########
     ##        ##  ##     ## ##       ##     ##  ##   ##  ##       ##
     ######    ##  ########  ######   ########  #########  ######  ######
     ##        ##  ##    ##  ##       ##     ## ##     ##       ## ##
     ##       #### ##     ## ######## ########  ##     ##  ######  ########

You're about to initialize a Firebase project in this directory:

  D:\Rohit Present Folder\React\Student Notes Project

[info] 
=== Project Setup
[info] 
[info] First, let's associate this project directory with a Firebase project.
[info] You can create multiple project aliases by running firebase use --add, 
[info] but for now we'll just set up a default project.
[info] 
[debug] [2025-02-13T12:50:08.467Z] Checked if tokens are valid: true, expires at: 1739454229905
[debug] [2025-02-13T12:50:08.468Z] Checked if tokens are valid: true, expires at: 1739454229905
[debug] [2025-02-13T12:50:08.471Z] >>> [apiv2][query] GET https://firebase.googleapis.com/v1beta1/projects pageSize=100
[debug] [2025-02-13T12:50:09.610Z] <<< [apiv2][status] GET https://firebase.googleapis.com/v1beta1/projects 200
[debug] [2025-02-13T12:50:09.610Z] <<< [apiv2][body] GET https://firebase.googleapis.com/v1beta1/projects [omitted]
[info] i  Using project student-notes-project (Student Notes Project) 
[info] 
=== Dataconnect Setup
[debug] [2025-02-13T12:50:11.782Z] Checked if tokens are valid: true, expires at: 1739454229905
[debug] [2025-02-13T12:50:11.782Z] Checked if tokens are valid: true, expires at: 1739454229905
[debug] [2025-02-13T12:50:11.782Z] >>> [apiv2][query] GET https://cloudbilling.googleapis.com/v1/projects/student-notes-project/billingInfo [none]
[debug] [2025-02-13T12:50:13.487Z] <<< [apiv2][status] GET https://cloudbilling.googleapis.com/v1/projects/student-notes-project/billingInfo 200
[debug] [2025-02-13T12:50:13.487Z] <<< [apiv2][body] GET https://cloudbilling.googleapis.com/v1/projects/student-notes-project/billingInfo {"name":"projects/student-notes-project/billingInfo","projectId":"student-notes-project","billingAccountName":"","billingEnabled":false}
[info] i  dataconnect: ensuring required API sqladmin.googleapis.com is enabled... 
[debug] [2025-02-13T12:50:13.489Z] Checked if tokens are valid: true, expires at: 1739454229905
[debug] [2025-02-13T12:50:13.489Z] Checked if tokens are valid: true, expires at: 1739454229905
[debug] [2025-02-13T12:50:13.489Z] >>> [apiv2][query] GET https://serviceusage.googleapis.com/v1/projects/student-notes-project/services/sqladmin.googleapis.com [none]
[debug] [2025-02-13T12:50:13.489Z] >>> [apiv2][(partial)header] GET https://serviceusage.googleapis.com/v1/projects/student-notes-project/services/sqladmin.googleapis.com x-goog-quota-user=projects/student-notes-project
[debug] [2025-02-13T12:50:15.797Z] <<< [apiv2][status] GET https://serviceusage.googleapis.com/v1/projects/student-notes-project/services/sqladmin.googleapis.com 200
[debug] [2025-02-13T12:50:15.798Z] <<< [apiv2][body] GET https://serviceusage.googleapis.com/v1/projects/student-notes-project/services/sqladmin.googleapis.com [omitted]
[info] +  dataconnect: required API sqladmin.googleapis.com is enabled 
[info] i  dataconnect\dataconnect.yaml is unchanged 
[info] i  dataconnect\schema\schema.gql is unchanged 
[info] i  dataconnect\connector\connector.yaml is unchanged 
[info] i  dataconnect\connector\queries.gql is unchanged 
[info] i  dataconnect\connector\mutations.gql is unchanged 
[info] i  If you'd like to add the generated SDK to your app your, run firebase init dataconnect:sdk 
[info] i  If you'd like to provision a CloudSQL Postgres instance on the Firebase Data Connect no-cost trial:
1. Please upgrade to the pay-as-you-go (Blaze) billing plan. Visit the following page:
     https://console.firebase.google.com/project/student-notes-project/usage/details
2. Run firebase init dataconnect again to configure the Cloud SQL instance.
3. Run firebase deploy --only dataconnect to deploy your Data Connect service. 
[info] 
=== Firestore Setup
[debug] [2025-02-13T12:50:15.817Z] Checked if tokens are valid: true, expires at: 1739454229905
[debug] [2025-02-13T12:50:15.817Z] Checked if tokens are valid: true, expires at: 1739454229905
[debug] [2025-02-13T12:50:15.818Z] >>> [apiv2][query] GET https://serviceusage.googleapis.com/v1/projects/student-notes-project/services/firestore.googleapis.com [none]
[debug] [2025-02-13T12:50:15.818Z] >>> [apiv2][(partial)header] GET https://serviceusage.googleapis.com/v1/projects/student-notes-project/services/firestore.googleapis.com x-goog-quota-user=projects/student-notes-project
[debug] [2025-02-13T12:50:16.680Z] <<< [apiv2][status] GET https://serviceusage.googleapis.com/v1/projects/student-notes-project/services/firestore.googleapis.com 200
[debug] [2025-02-13T12:50:16.680Z] <<< [apiv2][body] GET https://serviceusage.googleapis.com/v1/projects/student-notes-project/services/firestore.googleapis.com [omitted]
[debug] [2025-02-13T12:50:16.681Z] Checked if tokens are valid: true, expires at: 1739454229905
[debug] [2025-02-13T12:50:16.681Z] Checked if tokens are valid: true, expires at: 1739454229905
[debug] [2025-02-13T12:50:16.681Z] >>> [apiv2][query] GET https://firestore.googleapis.com/v1/projects/student-notes-project/databases/(default) [none]
[debug] [2025-02-13T12:50:18.836Z] <<< [apiv2][status] GET https://firestore.googleapis.com/v1/projects/student-notes-project/databases/(default) 200
[debug] [2025-02-13T12:50:18.837Z] <<< [apiv2][body] GET https://firestore.googleapis.com/v1/projects/student-notes-project/databases/(default) {"name":"projects/student-notes-project/databases/(default)","uid":"a42f463f-c4e3-48b0-8456-dffe45dec9e9","createTime":"2025-02-13T12:49:25.057159Z","updateTime":"2025-02-13T12:49:25.057159Z","locationId":"nam5","type":"FIRESTORE_NATIVE","concurrencyMode":"PESSIMISTIC","versionRetentionPeriod":"3600s","earliestVersionTime":"2025-02-13T12:49:25.057159Z","appEngineIntegrationMode":"DISABLED","keyPrefix":"s","pointInTimeRecoveryEnablement":"POINT_IN_TIME_RECOVERY_DISABLED","deleteProtectionState":"DELETE_PROTECTION_DISABLED","databaseEdition":"STANDARD","etag":"IOeVs4DYwIsDMIe9gefXwIsD"}
[debug] [2025-02-13T12:50:18.837Z] database_type: FIRESTORE_NATIVE
[debug] [2025-02-13T12:50:18.837Z] database_type: FIRESTORE_NATIVE
[debug] [2025-02-13T12:50:18.837Z] > command requires scopes: ["email","openid","https://www.googleapis.com/auth/cloudplatformprojects.readonly","https://www.googleapis.com/auth/firebase","https://www.googleapis.com/auth/cloud-platform"]
[debug] [2025-02-13T12:50:18.838Z] > authorizing via signed-in user (rohitritthe11@gmail.com)
[debug] [2025-02-13T12:50:18.838Z] [iam] checking project student-notes-project for permissions ["firebase.projects.get"]
[debug] [2025-02-13T12:50:18.839Z] Checked if tokens are valid: true, expires at: 1739454229905
[debug] [2025-02-13T12:50:18.839Z] Checked if tokens are valid: true, expires at: 1739454229905
[debug] [2025-02-13T12:50:18.839Z] >>> [apiv2][query] POST https://cloudresourcemanager.googleapis.com/v1/projects/student-notes-project:testIamPermissions [none]
[debug] [2025-02-13T12:50:18.839Z] >>> [apiv2][(partial)header] POST https://cloudresourcemanager.googleapis.com/v1/projects/student-notes-project:testIamPermissions x-goog-quota-user=projects/student-notes-project
[debug] [2025-02-13T12:50:18.839Z] >>> [apiv2][body] POST https://cloudresourcemanager.googleapis.com/v1/projects/student-notes-project:testIamPermissions {"permissions":["firebase.projects.get"]}
[debug] [2025-02-13T12:50:20.928Z] <<< [apiv2][status] POST https://cloudresourcemanager.googleapis.com/v1/projects/student-notes-project:testIamPermissions 200
[debug] [2025-02-13T12:50:20.929Z] <<< [apiv2][body] POST https://cloudresourcemanager.googleapis.com/v1/projects/student-notes-project:testIamPermissions {"permissions":["firebase.projects.get"]}
[info] 
[info] Firestore Security Rules allow you to define how and when to allow
[info] requests. You can keep these rules in your project directory
[info] and publish them with firebase deploy.
[info] 
[debug] [2025-02-13T12:50:27.974Z] Checked if tokens are valid: true, expires at: 1739454229905
[debug] [2025-02-13T12:50:27.974Z] Checked if tokens are valid: true, expires at: 1739454229905
[debug] [2025-02-13T12:50:27.975Z] >>> [apiv2][query] GET https://firebaserules.googleapis.com/v1/projects/student-notes-project/releases pageSize=10&pageToken=
[debug] [2025-02-13T12:50:29.258Z] <<< [apiv2][status] GET https://firebaserules.googleapis.com/v1/projects/student-notes-project/releases 200
[debug] [2025-02-13T12:50:29.258Z] <<< [apiv2][body] GET https://firebaserules.googleapis.com/v1/projects/student-notes-project/releases {"releases":[{"name":"projects/student-notes-project/releases/cloud.firestore","rulesetName":"projects/student-notes-project/rulesets/2646dd13-5bdf-4897-98a0-5c9606e9f8fa","createTime":"2025-02-13T12:49:33.765211Z","updateTime":"2025-02-13T12:49:33.765211Z"}]}
[debug] [2025-02-13T12:50:29.258Z] Found ruleset: projects/student-notes-project/rulesets/2646dd13-5bdf-4897-98a0-5c9606e9f8fa
[debug] [2025-02-13T12:50:29.259Z] Checked if tokens are valid: true, expires at: 1739454229905
[debug] [2025-02-13T12:50:29.259Z] Checked if tokens are valid: true, expires at: 1739454229905
[debug] [2025-02-13T12:50:29.259Z] >>> [apiv2][query] GET https://firebaserules.googleapis.com/v1/projects/student-notes-project/rulesets/2646dd13-5bdf-4897-98a0-5c9606e9f8fa [none]
[debug] [2025-02-13T12:50:30.705Z] <<< [apiv2][status] GET https://firebaserules.googleapis.com/v1/projects/student-notes-project/rulesets/2646dd13-5bdf-4897-98a0-5c9606e9f8fa 200
[debug] [2025-02-13T12:50:30.706Z] <<< [apiv2][body] GET https://firebaserules.googleapis.com/v1/projects/student-notes-project/rulesets/2646dd13-5bdf-4897-98a0-5c9606e9f8fa [omitted]
[info] 
[info] Firestore indexes allow you to perform complex queries while
[info] maintaining performance that scales with the size of the result
[info] set. You can keep index definitions in your project directory
[info] and publish them with firebase deploy.
[info] 
[debug] [2025-02-13T12:50:34.058Z] Checked if tokens are valid: true, expires at: 1739454229905
[debug] [2025-02-13T12:50:34.058Z] Checked if tokens are valid: true, expires at: 1739454229905
[debug] [2025-02-13T12:50:34.058Z] Checked if tokens are valid: true, expires at: 1739454229905
[debug] [2025-02-13T12:50:34.058Z] Checked if tokens are valid: true, expires at: 1739454229905
[debug] [2025-02-13T12:50:34.059Z] >>> [apiv2][query] GET https://firestore.googleapis.com/v1/projects/student-notes-project/databases/(default)/collectionGroups/-/indexes [none]
[debug] [2025-02-13T12:50:34.062Z] >>> [apiv2][query] GET https://firestore.googleapis.com/v1/projects/student-notes-project/databases/(default)/collectionGroups/-/fields?filter=indexConfig.usesAncestorConfig=false OR ttlConfig:* [none]
[debug] [2025-02-13T12:50:36.151Z] <<< [apiv2][status] GET https://firestore.googleapis.com/v1/projects/student-notes-project/databases/(default)/collectionGroups/-/indexes 200
[debug] [2025-02-13T12:50:36.151Z] <<< [apiv2][body] GET https://firestore.googleapis.com/v1/projects/student-notes-project/databases/(default)/collectionGroups/-/indexes {}
[debug] [2025-02-13T12:50:36.426Z] <<< [apiv2][status] GET https://firestore.googleapis.com/v1/projects/student-notes-project/databases/(default)/collectionGroups/-/fields?filter=indexConfig.usesAncestorConfig=false OR ttlConfig:* 200
[debug] [2025-02-13T12:50:36.426Z] <<< [apiv2][body] GET https://firestore.googleapis.com/v1/projects/student-notes-project/databases/(default)/collectionGroups/-/fields?filter=indexConfig.usesAncestorConfig=false OR ttlConfig:* {"fields":[{"name":"projects/student-notes-project/databases/(default)/collectionGroups/__default__/fields/*","indexConfig":{"indexes":[{"queryScope":"COLLECTION","fields":[{"fieldPath":"*","order":"ASCENDING"}],"state":"READY"},{"queryScope":"COLLECTION","fields":[{"fieldPath":"*","order":"DESCENDING"}],"state":"READY"},{"queryScope":"COLLECTION","fields":[{"fieldPath":"*","arrayConfig":"CONTAINS"}],"state":"READY"}]}}]}
[info] 
=== Genkit Setup
[debug] [2025-02-13T12:50:50.719Z] > command requires scopes: ["email","openid","https://www.googleapis.com/auth/cloudplatformprojects.readonly","https://www.googleapis.com/auth/firebase","https://www.googleapis.com/auth/cloud-platform"]
[debug] [2025-02-13T12:50:50.719Z] > authorizing via signed-in user (rohitritthe11@gmail.com)
[debug] [2025-02-13T12:50:50.720Z] [iam] checking project student-notes-project for permissions ["firebase.projects.get"]
[debug] [2025-02-13T12:50:50.720Z] Checked if tokens are valid: true, expires at: 1739454229905
[debug] [2025-02-13T12:50:50.720Z] Checked if tokens are valid: true, expires at: 1739454229905
[debug] [2025-02-13T12:50:50.720Z] >>> [apiv2][query] POST https://cloudresourcemanager.googleapis.com/v1/projects/student-notes-project:testIamPermissions [none]
[debug] [2025-02-13T12:50:50.720Z] >>> [apiv2][(partial)header] POST https://cloudresourcemanager.googleapis.com/v1/projects/student-notes-project:testIamPermissions x-goog-quota-user=projects/student-notes-project
[debug] [2025-02-13T12:50:50.721Z] >>> [apiv2][body] POST https://cloudresourcemanager.googleapis.com/v1/projects/student-notes-project:testIamPermissions {"permissions":["firebase.projects.get"]}
[debug] [2025-02-13T12:50:52.605Z] <<< [apiv2][status] POST https://cloudresourcemanager.googleapis.com/v1/projects/student-notes-project:testIamPermissions 200
[debug] [2025-02-13T12:50:52.605Z] <<< [apiv2][body] POST https://cloudresourcemanager.googleapis.com/v1/projects/student-notes-project:testIamPermissions {"permissions":["firebase.projects.get"]}
[debug] [2025-02-13T12:50:52.605Z] Checked if tokens are valid: true, expires at: 1739454229905
[debug] [2025-02-13T12:50:52.605Z] Checked if tokens are valid: true, expires at: 1739454229905
[debug] [2025-02-13T12:50:52.606Z] Checked if tokens are valid: true, expires at: 1739454229905
[debug] [2025-02-13T12:50:52.606Z] Checked if tokens are valid: true, expires at: 1739454229905
[debug] [2025-02-13T12:50:52.606Z] >>> [apiv2][query] GET https://serviceusage.googleapis.com/v1/projects/student-notes-project/services/cloudfunctions.googleapis.com [none]
[debug] [2025-02-13T12:50:52.606Z] >>> [apiv2][(partial)header] GET https://serviceusage.googleapis.com/v1/projects/student-notes-project/services/cloudfunctions.googleapis.com x-goog-quota-user=projects/student-notes-project
[debug] [2025-02-13T12:50:52.610Z] >>> [apiv2][query] GET https://serviceusage.googleapis.com/v1/projects/student-notes-project/services/runtimeconfig.googleapis.com [none]
[debug] [2025-02-13T12:50:52.610Z] >>> [apiv2][(partial)header] GET https://serviceusage.googleapis.com/v1/projects/student-notes-project/services/runtimeconfig.googleapis.com x-goog-quota-user=projects/student-notes-project
[debug] [2025-02-13T12:50:54.726Z] <<< [apiv2][status] GET https://serviceusage.googleapis.com/v1/projects/student-notes-project/services/runtimeconfig.googleapis.com 200
[debug] [2025-02-13T12:50:54.726Z] <<< [apiv2][body] GET https://serviceusage.googleapis.com/v1/projects/student-notes-project/services/runtimeconfig.googleapis.com [omitted]
[debug] [2025-02-13T12:50:54.729Z] <<< [apiv2][status] GET https://serviceusage.googleapis.com/v1/projects/student-notes-project/services/cloudfunctions.googleapis.com 200
[debug] [2025-02-13T12:50:54.729Z] <<< [apiv2][body] GET https://serviceusage.googleapis.com/v1/projects/student-notes-project/services/cloudfunctions.googleapis.com [omitted]
[debug] [2025-02-13T12:50:54.730Z] Checked if tokens are valid: true, expires at: 1739454229905
[debug] [2025-02-13T12:50:54.730Z] Checked if tokens are valid: true, expires at: 1739454229905
[debug] [2025-02-13T12:50:54.730Z] >>> [apiv2][query] POST https://serviceusage.googleapis.com/v1/projects/student-notes-project/services/cloudfunctions.googleapis.com:enable [none]
[debug] [2025-02-13T12:50:54.731Z] >>> [apiv2][(partial)header] POST https://serviceusage.googleapis.com/v1/projects/student-notes-project/services/cloudfunctions.googleapis.com:enable x-goog-quota-user=projects/student-notes-project
[debug] [2025-02-13T12:50:55.471Z] <<< [apiv2][status] POST https://serviceusage.googleapis.com/v1/projects/student-notes-project/services/cloudfunctions.googleapis.com:enable 200
[debug] [2025-02-13T12:50:55.471Z] <<< [apiv2][body] POST https://serviceusage.googleapis.com/v1/projects/student-notes-project/services/cloudfunctions.googleapis.com:enable [omitted]
[debug] [2025-02-13T12:51:05.485Z] Checked if tokens are valid: true, expires at: 1739454229905
[debug] [2025-02-13T12:51:05.485Z] Checked if tokens are valid: true, expires at: 1739454229905
[debug] [2025-02-13T12:51:05.486Z] >>> [apiv2][query] GET https://serviceusage.googleapis.com/v1/projects/student-notes-project/services/cloudfunctions.googleapis.com [none]
[debug] [2025-02-13T12:51:05.486Z] >>> [apiv2][(partial)header] GET https://serviceusage.googleapis.com/v1/projects/student-notes-project/services/cloudfunctions.googleapis.com x-goog-quota-user=projects/student-notes-project
[debug] [2025-02-13T12:59:22.443Z] ----------------------------------------------------------------------
[debug] [2025-02-13T12:59:22.451Z] Command:       C:\Program Files\nodejs\node.exe C:\Users\OM\AppData\Roaming\npm\node_modules\firebase-tools\lib\bin\firebase.js init
[debug] [2025-02-13T12:59:22.452Z] CLI Version:   13.31.0
[debug] [2025-02-13T12:59:22.452Z] Platform:      win32
[debug] [2025-02-13T12:59:22.452Z] Node Version:  v20.15.1
[debug] [2025-02-13T12:59:22.453Z] Time:          Thu Feb 13 2025 18:29:22 GMT+0530 (India Standard Time)
[debug] [2025-02-13T12:59:22.453Z] ----------------------------------------------------------------------
[debug] 
[debug] [2025-02-13T12:59:22.470Z] > command requires scopes: ["email","openid","https://www.googleapis.com/auth/cloudplatformprojects.readonly","https://www.googleapis.com/auth/firebase","https://www.googleapis.com/auth/cloud-platform"]
[debug] [2025-02-13T12:59:22.472Z] > authorizing via signed-in user (rohitritthe11@gmail.com)
[info] 
     ######## #### ########  ######## ########     ###     ######  ########
     ##        ##  ##     ## ##       ##     ##  ##   ##  ##       ##
     ######    ##  ########  ######   ########  #########  ######  ######
     ##        ##  ##    ##  ##       ##     ## ##     ##       ## ##
     ##       #### ##     ## ######## ########  ##     ##  ######  ########

You're about to initialize a Firebase project in this directory:

  D:\Rohit Present Folder\React\Student Notes Project

[info] 
=== Project Setup
[info] 
[info] First, let's associate this project directory with a Firebase project.
[info] You can create multiple project aliases by running firebase use --add, 
[info] but for now we'll just set up a default project.
[info] 
[debug] [2025-02-13T13:00:39.671Z] Checked if tokens are valid: true, expires at: 1739454229905
[debug] [2025-02-13T13:00:39.671Z] Checked if tokens are valid: true, expires at: 1739454229905
[debug] [2025-02-13T13:00:39.674Z] >>> [apiv2][query] GET https://firebase.googleapis.com/v1beta1/projects pageSize=100
[debug] [2025-02-13T13:00:42.037Z] <<< [apiv2][status] GET https://firebase.googleapis.com/v1beta1/projects 200
[debug] [2025-02-13T13:00:42.037Z] <<< [apiv2][body] GET https://firebase.googleapis.com/v1beta1/projects [omitted]
[info] i  Using project student-notes-project (Student Notes Project) 
[info] 
=== Dataconnect Setup
[debug] [2025-02-13T13:00:47.592Z] Checked if tokens are valid: true, expires at: 1739454229905
[debug] [2025-02-13T13:00:47.593Z] Checked if tokens are valid: true, expires at: 1739454229905
[debug] [2025-02-13T13:00:47.593Z] >>> [apiv2][query] GET https://cloudbilling.googleapis.com/v1/projects/student-notes-project/billingInfo [none]
[debug] [2025-02-13T13:00:49.600Z] <<< [apiv2][status] GET https://cloudbilling.googleapis.com/v1/projects/student-notes-project/billingInfo 200
[debug] [2025-02-13T13:00:49.600Z] <<< [apiv2][body] GET https://cloudbilling.googleapis.com/v1/projects/student-notes-project/billingInfo {"name":"projects/student-notes-project/billingInfo","projectId":"student-notes-project","billingAccountName":"","billingEnabled":false}
[info] i  dataconnect: ensuring required API sqladmin.googleapis.com is enabled... 
[debug] [2025-02-13T13:00:49.602Z] Checked if tokens are valid: true, expires at: 1739454229905
[debug] [2025-02-13T13:00:49.602Z] Checked if tokens are valid: true, expires at: 1739454229905
[debug] [2025-02-13T13:00:49.602Z] >>> [apiv2][query] GET https://serviceusage.googleapis.com/v1/projects/student-notes-project/services/sqladmin.googleapis.com [none]
[debug] [2025-02-13T13:00:49.603Z] >>> [apiv2][(partial)header] GET https://serviceusage.googleapis.com/v1/projects/student-notes-project/services/sqladmin.googleapis.com x-goog-quota-user=projects/student-notes-project
[debug] [2025-02-13T13:00:52.059Z] <<< [apiv2][status] GET https://serviceusage.googleapis.com/v1/projects/student-notes-project/services/sqladmin.googleapis.com 200
[debug] [2025-02-13T13:00:52.059Z] <<< [apiv2][body] GET https://serviceusage.googleapis.com/v1/projects/student-notes-project/services/sqladmin.googleapis.com [omitted]
[info] +  dataconnect: required API sqladmin.googleapis.com is enabled 
[info] i  dataconnect\dataconnect.yaml is unchanged 
[info] i  dataconnect\schema\schema.gql is unchanged 
[info] i  dataconnect\connector\connector.yaml is unchanged 
[info] i  dataconnect\connector\queries.gql is unchanged 
[info] i  dataconnect\connector\mutations.gql is unchanged 
[info] i  If you'd like to add the generated SDK to your app your, run firebase init dataconnect:sdk 
[info] i  If you'd like to provision a CloudSQL Postgres instance on the Firebase Data Connect no-cost trial:
1. Please upgrade to the pay-as-you-go (Blaze) billing plan. Visit the following page:
     https://console.firebase.google.com/project/student-notes-project/usage/details
2. Run firebase init dataconnect again to configure the Cloud SQL instance.
3. Run firebase deploy --only dataconnect to deploy your Data Connect service. 
[info] 
=== Firestore Setup
[debug] [2025-02-13T13:00:52.077Z] Checked if tokens are valid: true, expires at: 1739454229905
[debug] [2025-02-13T13:00:52.077Z] Checked if tokens are valid: true, expires at: 1739454229905
[debug] [2025-02-13T13:00:52.077Z] >>> [apiv2][query] GET https://serviceusage.googleapis.com/v1/projects/student-notes-project/services/firestore.googleapis.com [none]
[debug] [2025-02-13T13:00:52.078Z] >>> [apiv2][(partial)header] GET https://serviceusage.googleapis.com/v1/projects/student-notes-project/services/firestore.googleapis.com x-goog-quota-user=projects/student-notes-project
[debug] [2025-02-13T13:00:52.562Z] <<< [apiv2][status] GET https://serviceusage.googleapis.com/v1/projects/student-notes-project/services/firestore.googleapis.com 200
[debug] [2025-02-13T13:00:52.563Z] <<< [apiv2][body] GET https://serviceusage.googleapis.com/v1/projects/student-notes-project/services/firestore.googleapis.com [omitted]
[debug] [2025-02-13T13:00:52.564Z] Checked if tokens are valid: true, expires at: 1739454229905
[debug] [2025-02-13T13:00:52.564Z] Checked if tokens are valid: true, expires at: 1739454229905
[debug] [2025-02-13T13:00:52.564Z] >>> [apiv2][query] GET https://firestore.googleapis.com/v1/projects/student-notes-project/databases/(default) [none]
[debug] [2025-02-13T13:00:54.628Z] <<< [apiv2][status] GET https://firestore.googleapis.com/v1/projects/student-notes-project/databases/(default) 200
[debug] [2025-02-13T13:00:54.628Z] <<< [apiv2][body] GET https://firestore.googleapis.com/v1/projects/student-notes-project/databases/(default) {"name":"projects/student-notes-project/databases/(default)","uid":"a42f463f-c4e3-48b0-8456-dffe45dec9e9","createTime":"2025-02-13T12:49:25.057159Z","updateTime":"2025-02-13T12:49:25.057159Z","locationId":"nam5","type":"FIRESTORE_NATIVE","concurrencyMode":"PESSIMISTIC","versionRetentionPeriod":"3600s","earliestVersionTime":"2025-02-13T12:49:25.057159Z","appEngineIntegrationMode":"DISABLED","keyPrefix":"s","pointInTimeRecoveryEnablement":"POINT_IN_TIME_RECOVERY_DISABLED","deleteProtectionState":"DELETE_PROTECTION_DISABLED","databaseEdition":"STANDARD","etag":"IM2Sza/awIsDMOn55IjYwIsD"}
[debug] [2025-02-13T13:00:54.628Z] database_type: FIRESTORE_NATIVE
[debug] [2025-02-13T13:00:54.628Z] database_type: FIRESTORE_NATIVE
[debug] [2025-02-13T13:00:54.629Z] > command requires scopes: ["email","openid","https://www.googleapis.com/auth/cloudplatformprojects.readonly","https://www.googleapis.com/auth/firebase","https://www.googleapis.com/auth/cloud-platform"]
[debug] [2025-02-13T13:00:54.629Z] > authorizing via signed-in user (rohitritthe11@gmail.com)
[debug] [2025-02-13T13:00:54.629Z] [iam] checking project student-notes-project for permissions ["firebase.projects.get"]
[debug] [2025-02-13T13:00:54.630Z] Checked if tokens are valid: true, expires at: 1739454229905
[debug] [2025-02-13T13:00:54.630Z] Checked if tokens are valid: true, expires at: 1739454229905
[debug] [2025-02-13T13:00:54.631Z] >>> [apiv2][query] POST https://cloudresourcemanager.googleapis.com/v1/projects/student-notes-project:testIamPermissions [none]
[debug] [2025-02-13T13:00:54.631Z] >>> [apiv2][(partial)header] POST https://cloudresourcemanager.googleapis.com/v1/projects/student-notes-project:testIamPermissions x-goog-quota-user=projects/student-notes-project
[debug] [2025-02-13T13:00:54.631Z] >>> [apiv2][body] POST https://cloudresourcemanager.googleapis.com/v1/projects/student-notes-project:testIamPermissions {"permissions":["firebase.projects.get"]}
[debug] [2025-02-13T13:00:56.564Z] <<< [apiv2][status] POST https://cloudresourcemanager.googleapis.com/v1/projects/student-notes-project:testIamPermissions 200
[debug] [2025-02-13T13:00:56.564Z] <<< [apiv2][body] POST https://cloudresourcemanager.googleapis.com/v1/projects/student-notes-project:testIamPermissions {"permissions":["firebase.projects.get"]}
[info] 
[info] Firestore Security Rules allow you to define how and when to allow
[info] requests. You can keep these rules in your project directory
[info] and publish them with firebase deploy.
[info] 
[info] 
[info] Firestore indexes allow you to perform complex queries while
[info] maintaining performance that scales with the size of the result
[info] set. You can keep index definitions in your project directory
[info] and publish them with firebase deploy.
[info] 
[debug] [2025-02-13T13:01:05.984Z] Checked if tokens are valid: true, expires at: 1739454229905
[debug] [2025-02-13T13:01:05.985Z] Checked if tokens are valid: true, expires at: 1739454229905
[debug] [2025-02-13T13:01:05.985Z] Checked if tokens are valid: true, expires at: 1739454229905
[debug] [2025-02-13T13:01:05.985Z] Checked if tokens are valid: true, expires at: 1739454229905
[debug] [2025-02-13T13:01:05.985Z] >>> [apiv2][query] GET https://firestore.googleapis.com/v1/projects/student-notes-project/databases/(default)/collectionGroups/-/indexes [none]
[debug] [2025-02-13T13:01:05.989Z] >>> [apiv2][query] GET https://firestore.googleapis.com/v1/projects/student-notes-project/databases/(default)/collectionGroups/-/fields?filter=indexConfig.usesAncestorConfig=false OR ttlConfig:* [none]
[debug] [2025-02-13T13:01:08.544Z] <<< [apiv2][status] GET https://firestore.googleapis.com/v1/projects/student-notes-project/databases/(default)/collectionGroups/-/indexes 200
[debug] [2025-02-13T13:01:08.545Z] <<< [apiv2][body] GET https://firestore.googleapis.com/v1/projects/student-notes-project/databases/(default)/collectionGroups/-/indexes {}
[debug] [2025-02-13T13:01:08.612Z] <<< [apiv2][status] GET https://firestore.googleapis.com/v1/projects/student-notes-project/databases/(default)/collectionGroups/-/fields?filter=indexConfig.usesAncestorConfig=false OR ttlConfig:* 200
[debug] [2025-02-13T13:01:08.612Z] <<< [apiv2][body] GET https://firestore.googleapis.com/v1/projects/student-notes-project/databases/(default)/collectionGroups/-/fields?filter=indexConfig.usesAncestorConfig=false OR ttlConfig:* {"fields":[{"name":"projects/student-notes-project/databases/(default)/collectionGroups/__default__/fields/*","indexConfig":{"indexes":[{"queryScope":"COLLECTION","fields":[{"fieldPath":"*","order":"ASCENDING"}],"state":"READY"},{"queryScope":"COLLECTION","fields":[{"fieldPath":"*","order":"DESCENDING"}],"state":"READY"},{"queryScope":"COLLECTION","fields":[{"fieldPath":"*","arrayConfig":"CONTAINS"}],"state":"READY"}]}}]}
[info] 
=== Genkit Setup
[debug] [2025-02-13T13:01:14.206Z] > command requires scopes: ["email","openid","https://www.googleapis.com/auth/cloudplatformprojects.readonly","https://www.googleapis.com/auth/firebase","https://www.googleapis.com/auth/cloud-platform"]
[debug] [2025-02-13T13:01:14.206Z] > authorizing via signed-in user (rohitritthe11@gmail.com)
[debug] [2025-02-13T13:01:14.206Z] [iam] checking project student-notes-project for permissions ["firebase.projects.get"]
[debug] [2025-02-13T13:01:14.206Z] Checked if tokens are valid: true, expires at: 1739454229905
[debug] [2025-02-13T13:01:14.207Z] Checked if tokens are valid: true, expires at: 1739454229905
[debug] [2025-02-13T13:01:14.207Z] >>> [apiv2][query] POST https://cloudresourcemanager.googleapis.com/v1/projects/student-notes-project:testIamPermissions [none]
[debug] [2025-02-13T13:01:14.207Z] >>> [apiv2][(partial)header] POST https://cloudresourcemanager.googleapis.com/v1/projects/student-notes-project:testIamPermissions x-goog-quota-user=projects/student-notes-project
[debug] [2025-02-13T13:01:14.207Z] >>> [apiv2][body] POST https://cloudresourcemanager.googleapis.com/v1/projects/student-notes-project:testIamPermissions {"permissions":["firebase.projects.get"]}
[debug] [2025-02-13T13:01:16.017Z] <<< [apiv2][status] POST https://cloudresourcemanager.googleapis.com/v1/projects/student-notes-project:testIamPermissions 200
[debug] [2025-02-13T13:01:16.017Z] <<< [apiv2][body] POST https://cloudresourcemanager.googleapis.com/v1/projects/student-notes-project:testIamPermissions {"permissions":["firebase.projects.get"]}
[debug] [2025-02-13T13:01:16.018Z] Checked if tokens are valid: true, expires at: 1739454229905
[debug] [2025-02-13T13:01:16.018Z] Checked if tokens are valid: true, expires at: 1739454229905
[debug] [2025-02-13T13:01:16.018Z] Checked if tokens are valid: true, expires at: 1739454229905
[debug] [2025-02-13T13:01:16.018Z] Checked if tokens are valid: true, expires at: 1739454229905
[debug] [2025-02-13T13:01:16.018Z] >>> [apiv2][query] GET https://serviceusage.googleapis.com/v1/projects/student-notes-project/services/cloudfunctions.googleapis.com [none]
[debug] [2025-02-13T13:01:16.018Z] >>> [apiv2][(partial)header] GET https://serviceusage.googleapis.com/v1/projects/student-notes-project/services/cloudfunctions.googleapis.com x-goog-quota-user=projects/student-notes-project
[debug] [2025-02-13T13:01:16.022Z] >>> [apiv2][query] GET https://serviceusage.googleapis.com/v1/projects/student-notes-project/services/runtimeconfig.googleapis.com [none]
[debug] [2025-02-13T13:01:16.023Z] >>> [apiv2][(partial)header] GET https://serviceusage.googleapis.com/v1/projects/student-notes-project/services/runtimeconfig.googleapis.com x-goog-quota-user=projects/student-notes-project
[debug] [2025-02-13T13:01:17.996Z] <<< [apiv2][status] GET https://serviceusage.googleapis.com/v1/projects/student-notes-project/services/runtimeconfig.googleapis.com 200
[debug] [2025-02-13T13:01:17.996Z] <<< [apiv2][body] GET https://serviceusage.googleapis.com/v1/projects/student-notes-project/services/runtimeconfig.googleapis.com [omitted]
[debug] [2025-02-13T13:01:18.014Z] <<< [apiv2][status] GET https://serviceusage.googleapis.com/v1/projects/student-notes-project/services/cloudfunctions.googleapis.com 200
[debug] [2025-02-13T13:01:18.014Z] <<< [apiv2][body] GET https://serviceusage.googleapis.com/v1/projects/student-notes-project/services/cloudfunctions.googleapis.com [omitted]
[info] Let's create a new codebase for your functions.
[info] A directory corresponding to the codebase will be created in your project
[info] with sample code pre-configured.

[info] See https://firebase.google.com/docs/functions/organize-functions for
[info] more information on organizing your functions using codebases.

[info] Functions can be deployed with firebase deploy.

[info] +  Wrote functions/package.json 
[info] +  Wrote functions/.eslintrc.js 
[info] +  Wrote functions/tsconfig.json 
[info] +  Wrote functions/tsconfig.dev.json 
[info] +  Wrote functions/src/index.ts 
[info] +  Wrote functions/.gitignore 
[info] 
[error] NPM install failed, continuing with Firebase initialization...
[info] 
[info] i  genkit: Installing Genkit CLI version 1.0.4
 
[info] i  genkit: Installing NPM packages for genkit 
[info] +  genkit: Successfully installed NPM packages 
[info] i  genkit: Updating tsconfig.json 
[info] +  genkit: Successfully updated tsconfig.json 
[info] i  genkit: Updating package.json 
[info] +  genkit: Successfully updated package.json 
[info] i  genkit: Generating sample file 
[info] +  genkit: Successfully generated sample file (src/genkit-sample.ts) 
[info] 
Login to Google Cloud using:
[info]     gcloud auth application-default login --project undefined

[info] Then start the Genkit developer experience by running:
[info]     cd functions && npm run genkit:start
[info] 
=== Functions Setup
[debug] [2025-02-13T14:04:10.890Z] > command requires scopes: ["email","openid","https://www.googleapis.com/auth/cloudplatformprojects.readonly","https://www.googleapis.com/auth/firebase","https://www.googleapis.com/auth/cloud-platform"]
[debug] [2025-02-13T14:04:10.890Z] > authorizing via signed-in user (rohitritthe11@gmail.com)
[debug] [2025-02-13T14:04:10.890Z] [iam] checking project student-notes-project for permissions ["firebase.projects.get"]
[debug] [2025-02-13T14:04:10.890Z] Checked if tokens are valid: false, expires at: 1739454229905
[debug] [2025-02-13T14:04:10.890Z] Checked if tokens are valid: false, expires at: 1739454229905
[debug] [2025-02-13T14:04:10.891Z] > refreshing access token with scopes: []
[debug] [2025-02-13T14:04:10.892Z] >>> [apiv2][query] POST https://www.googleapis.com/oauth2/v3/token [none]
[debug] [2025-02-13T14:04:10.892Z] >>> [apiv2][body] POST https://www.googleapis.com/oauth2/v3/token [omitted]
[debug] [2025-02-13T14:04:26.483Z] *** [apiv2] error from fetch(https://www.googleapis.com/oauth2/v3/token, {"headers":{},"method":"POST","body":{"_overheadLength":545,"_valueLength":212,"_valuesToMeasure":[],"writable":false,"readable":true,"dataSize":0,"maxDataSize":2097152,"pauseStreams":true,"_released":true,"_streams":[],"_currentStream":null,"_insideLoop":false,"_pendingNext":false,"_boundary":"--------------------------774811463996900761576510","_events":{},"_eventsCount":1}}): FetchError: request to https://www.googleapis.com/oauth2/v3/token failed, reason: Client network socket disconnected before secure TLS connection was established
[error] Authentication Error: Your credentials are no longer valid. Please run firebase login --reauth

For CI servers and headless environments, generate a new token with firebase login:ci
[debug] [2025-02-13T14:04:26.484Z] [iam] error while checking permissions, command may fail: Authentication Error: Your credentials are no longer valid. Please run firebase login --reauth

For CI servers and headless environments, generate a new token with firebase login:ci
[debug] [2025-02-13T14:04:26.484Z] Checked if tokens are valid: false, expires at: 1739454229905
[debug] [2025-02-13T14:04:26.484Z] Checked if tokens are valid: false, expires at: 1739454229905
[debug] [2025-02-13T14:04:26.484Z] > refreshing access token with scopes: []
[debug] [2025-02-13T14:04:26.484Z] >>> [apiv2][query] POST https://www.googleapis.com/oauth2/v3/token [none]
[debug] [2025-02-13T14:04:26.484Z] >>> [apiv2][body] POST https://www.googleapis.com/oauth2/v3/token [omitted]
[debug] [2025-02-13T14:04:26.487Z] Checked if tokens are valid: false, expires at: 1739454229905
[debug] [2025-02-13T14:04:26.487Z] Checked if tokens are valid: false, expires at: 1739454229905
[debug] [2025-02-13T14:04:26.488Z] > refreshing access token with scopes: []
[debug] [2025-02-13T14:04:26.488Z] >>> [apiv2][query] POST https://www.googleapis.com/oauth2/v3/token [none]
[debug] [2025-02-13T14:04:26.488Z] >>> [apiv2][body] POST https://www.googleapis.com/oauth2/v3/token [omitted]
[debug] [2025-02-13T14:04:37.070Z] *** [apiv2] error from fetch(https://www.googleapis.com/oauth2/v3/token, {"headers":{},"method":"POST","body":{"_overheadLength":545,"_valueLength":212,"_valuesToMeasure":[],"writable":false,"readable":true,"dataSize":0,"maxDataSize":2097152,"pauseStreams":true,"_released":true,"_streams":[],"_currentStream":null,"_insideLoop":false,"_pendingNext":false,"_boundary":"--------------------------706400726252376451273827","_events":{},"_eventsCount":1}}): FetchError: request to https://www.googleapis.com/oauth2/v3/token failed, reason: Client network socket disconnected before secure TLS connection was established
[error] Authentication Error: Your credentials are no longer valid. Please run firebase login --reauth

For CI servers and headless environments, generate a new token with firebase login:ci
[debug] [2025-02-13T14:04:37.082Z] *** [apiv2] error from fetch(https://www.googleapis.com/oauth2/v3/token, {"headers":{},"method":"POST","body":{"_overheadLength":545,"_valueLength":212,"_valuesToMeasure":[],"writable":false,"readable":true,"dataSize":0,"maxDataSize":2097152,"pauseStreams":true,"_released":true,"_streams":[],"_currentStream":null,"_insideLoop":false,"_pendingNext":false,"_boundary":"--------------------------252278387548267128707530","_events":{},"_eventsCount":1}}): FetchError: request to https://www.googleapis.com/oauth2/v3/token failed, reason: Client network socket disconnected before secure TLS connection was established
[error] Authentication Error: Your credentials are no longer valid. Please run firebase login --reauth

For CI servers and headless environments, generate a new token with firebase login:ci
[debug] [2025-02-13T14:04:42.094Z] Error: Timed out.
    at Timeout._onTimeout (C:\Users\OM\AppData\Roaming\npm\node_modules\firebase-tools\lib\utils.js:269:49)
    at listOnTimeout (node:internal/timers:573:17)
    at process.processTimers (node:internal/timers:514:7)
[error] 
[error] Error: An unexpected error has occurred.
